# JRE version: Java(TM) SE Runtime Environment (8.0_51-b16) (build 1.8.0_51-b16)
# Java VM: Java HotSpot(TM) 64-Bit Server VM (25.51-b03 mixed mode windows-amd64 compressed oops)
Heap:
 PSYoungGen      total 323584K, used 74099K [0x00000000eab00000, 0x0000000100000000, 0x0000000100000000)
  eden space 301568K, 19% used [0x00000000eab00000,0x00000000ee57c398,0x00000000fd180000)
  from space 22016K, 64% used [0x00000000fe880000,0x00000000ff660bf0,0x00000000ffe00000)
  to   space 23552K, 0% used [0x00000000fd180000,0x00000000fd180000,0x00000000fe880000)
 ParOldGen       total 101376K, used 30486K [0x00000000c0000000, 0x00000000c6300000, 0x00000000eab00000)
  object space 101376K, 30% used [0x00000000c0000000,0x00000000c1dc5988,0x00000000c6300000)
 Metaspace       used 69553K, capacity 73270K, committed 75136K, reserved 1116160K
  class space    used 8640K, capacity 9008K, committed 9344K, reserved 1048576K
GC Heap History (10 events):
Event: 14541.070 GC heap before
{Heap before GC invocations=75 (full 23):
 PSYoungGen      total 303616K, used 240942K [0x00000000eab00000, 0x00000000ffe00000, 0x0000000100000000)
  eden space 303104K, 79% used [0x00000000eab00000,0x00000000f964bbf0,0x00000000fd300000)
  from space 512K, 0% used [0x00000000fd300000,0x00000000fd300000,0x00000000fd380000)
  to   space 22016K, 0% used [0x00000000fe880000,0x00000000fe880000,0x00000000ffe00000)
 ParOldGen       total 101376K, used 31215K [0x00000000c0000000, 0x00000000c6300000, 0x00000000eab00000)
  object space 101376K, 30% used [0x00000000c0000000,0x00000000c1e7bc90,0x00000000c6300000)
 Metaspace       used 68951K, capacity 72598K, committed 74368K, reserved 1114112K
  class space    used 8567K, capacity 8899K, committed 9344K, reserved 1048576K
Event: 14541.282 GC heap after
Heap after GC invocations=75 (full 23):
 PSYoungGen      total 324608K, used 11175K [0x00000000eab00000, 0x00000000fff00000, 0x0000000100000000)
  eden space 302592K, 0% used [0x00000000eab00000,0x00000000eab00000,0x00000000fd280000)
  from space 22016K, 50% used [0x00000000fe880000,0x00000000ff369e30,0x00000000ffe00000)
  to   space 22528K, 0% used [0x00000000fd280000,0x00000000fd280000,0x00000000fe880000)
 ParOldGen       total 101376K, used 31223K [0x00000000c0000000, 0x00000000c6300000, 0x00000000eab00000)
  object space 101376K, 30% used [0x00000000c0000000,0x00000000c1e7dc90,0x00000000c6300000)
 Metaspace       used 68951K, capacity 72598K, committed 74368K, reserved 1114112K
  class space    used 8567K, capacity 8899K, committed 9344K, reserved 1048576K
}
Event: 14541.282 GC heap before
{Heap before GC invocations=76 (full 24):
 PSYoungGen      total 324608K, used 11175K [0x00000000eab00000, 0x00000000fff00000, 0x0000000100000000)
  eden space 302592K, 0% used [0x00000000eab00000,0x00000000eab00000,0x00000000fd280000)
  from space 22016K, 50% used [0x00000000fe880000,0x00000000ff369e30,0x00000000ffe00000)
  to   space 22528K, 0% used [0x00000000fd280000,0x00000000fd280000,0x00000000fe880000)
 ParOldGen       total 101376K, used 31223K [0x00000000c0000000, 0x00000000c6300000, 0x00000000eab00000)
  object space 101376K, 30% used [0x00000000c0000000,0x00000000c1e7dc90,0x00000000c6300000)
 Metaspace       used 68951K, capacity 72598K, committed 74368K, reserved 1114112K
  class space    used 8567K, capacity 8899K, committed 9344K, reserved 1048576K
Event: 14543.998 GC heap after
Heap after GC invocations=76 (full 24):
 PSYoungGen      total 324608K, used 0K [0x00000000eab00000, 0x00000000fff00000, 0x0000000100000000)
  eden space 302592K, 0% used [0x00000000eab00000,0x00000000eab00000,0x00000000fd280000)
  from space 22016K, 0% used [0x00000000fe880000,0x00000000fe880000,0x00000000ffe00000)
  to   space 22528K, 0% used [0x00000000fd280000,0x00000000fd280000,0x00000000fe880000)
 ParOldGen       total 101376K, used 41770K [0x00000000c0000000, 0x00000000c6300000, 0x00000000eab00000)
  object space 101376K, 41% used [0x00000000c0000000,0x00000000c28ca918,0x00000000c6300000)
 Metaspace       used 68932K, capacity 72576K, committed 74368K, reserved 1114112K
  class space    used 8561K, capacity 8893K, committed 9344K, reserved 1048576K
}
Event: 16072.356 GC heap before
{Heap before GC invocations=77 (full 24):
 PSYoungGen      total 324608K, used 103856K [0x00000000eab00000, 0x00000000fff00000, 0x0000000100000000)
  eden space 302592K, 34% used [0x00000000eab00000,0x00000000f106c068,0x00000000fd280000)
  from space 22016K, 0% used [0x00000000fe880000,0x00000000fe880000,0x00000000ffe00000)
  to   space 22528K, 0% used [0x00000000fd280000,0x00000000fd280000,0x00000000fe880000)
 ParOldGen       total 101376K, used 41770K [0x00000000c0000000, 0x00000000c6300000, 0x00000000eab00000)
  object space 101376K, 41% used [0x00000000c0000000,0x00000000c28ca918,0x00000000c6300000)
 Metaspace       used 69185K, capacity 72938K, committed 74624K, reserved 1114112K
  class space    used 8585K, capacity 8926K, committed 9344K, reserved 1048576K
Event: 16073.126 GC heap after
Heap after GC invocations=77 (full 24):
 PSYoungGen      total 325120K, used 1447K [0x00000000eab00000, 0x00000000ffe00000, 0x0000000100000000)
  eden space 302592K, 0% used [0x00000000eab00000,0x00000000eab00000,0x00000000fd280000)
  from space 22528K, 6% used [0x00000000fd280000,0x00000000fd3e9e50,0x00000000fe880000)
  to   space 22016K, 0% used [0x00000000fe880000,0x00000000fe880000,0x00000000ffe00000)
 ParOldGen       total 101376K, used 41778K [0x00000000c0000000, 0x00000000c6300000, 0x00000000eab00000)
  object space 101376K, 41% used [0x00000000c0000000,0x00000000c28cc918,0x00000000c6300000)
 Metaspace       used 69185K, capacity 72938K, committed 74624K, reserved 1114112K
  class space    used 8585K, capacity 8926K, committed 9344K, reserved 1048576K
}
Event: 16073.131 GC heap before
{Heap before GC invocations=78 (full 25):
 PSYoungGen      total 325120K, used 1447K [0x00000000eab00000, 0x00000000ffe00000, 0x0000000100000000)
  eden space 302592K, 0% used [0x00000000eab00000,0x00000000eab00000,0x00000000fd280000)
  from space 22528K, 6% used [0x00000000fd280000,0x00000000fd3e9e50,0x00000000fe880000)
  to   space 22016K, 0% used [0x00000000fe880000,0x00000000fe880000,0x00000000ffe00000)
 ParOldGen       total 101376K, used 41778K [0x00000000c0000000, 0x00000000c6300000, 0x00000000eab00000)
  object space 101376K, 41% used [0x00000000c0000000,0x00000000c28cc918,0x00000000c6300000)
 Metaspace       used 69185K, capacity 72938K, committed 74624K, reserved 1114112K
  class space    used 8585K, capacity 8926K, committed 9344K, reserved 1048576K
Event: 16078.178 GC heap after
Heap after GC invocations=78 (full 25):
 PSYoungGen      total 325120K, used 0K [0x00000000eab00000, 0x00000000ffe00000, 0x0000000100000000)
  eden space 302592K, 0% used [0x00000000eab00000,0x00000000eab00000,0x00000000fd280000)
  from space 22528K, 0% used [0x00000000fd280000,0x00000000fd280000,0x00000000fe880000)
  to   space 22016K, 0% used [0x00000000fe880000,0x00000000fe880000,0x00000000ffe00000)
 ParOldGen       total 101376K, used 30486K [0x00000000c0000000, 0x00000000c6300000, 0x00000000eab00000)
  object space 101376K, 30% used [0x00000000c0000000,0x00000000c1dc5988,0x00000000c6300000)
 Metaspace       used 68465K, capacity 71390K, committed 74624K, reserved 1114112K
  class space    used 8393K, capacity 8584K, committed 9344K, reserved 1048576K
}
Event: 17010.397 GC heap before
{Heap before GC invocations=79 (full 25):
 PSYoungGen      total 325120K, used 302592K [0x00000000eab00000, 0x00000000ffe00000, 0x0000000100000000)
  eden space 302592K, 100% used [0x00000000eab00000,0x00000000fd280000,0x00000000fd280000)
  from space 22528K, 0% used [0x00000000fd280000,0x00000000fd280000,0x00000000fe880000)
  to   space 22016K, 0% used [0x00000000fe880000,0x00000000fe880000,0x00000000ffe00000)
 ParOldGen       total 101376K, used 30486K [0x00000000c0000000, 0x00000000c6300000, 0x00000000eab00000)
  object space 101376K, 30% used [0x00000000c0000000,0x00000000c1dc5988,0x00000000c6300000)
 Metaspace       used 69043K, capacity 72322K, committed 74624K, reserved 1114112K
  class space    used 8510K, capacity 8783K, committed 9344K, reserved 1048576K
Event: 17012.042 GC heap after
Heap after GC invocations=79 (full 25):
 PSYoungGen      total 323584K, used 14210K [0x00000000eab00000, 0x0000000100000000, 0x0000000100000000)
  eden space 301568K, 0% used [0x00000000eab00000,0x00000000eab00000,0x00000000fd180000)
  from space 22016K, 64% used [0x00000000fe880000,0x00000000ff660bf0,0x00000000ffe00000)
  to   space 23552K, 0% used [0x00000000fd180000,0x00000000fd180000,0x00000000fe880000)
 ParOldGen       total 101376K, used 30486K [0x00000000c0000000, 0x00000000c6300000, 0x00000000eab00000)
  object space 101376K, 30% used [0x00000000c0000000,0x00000000c1dc5988,0x00000000c6300000)
 Metaspace       used 69043K, capacity 72322K, committed 74624K, reserved 1114112K
  class space    used 8510K, capacity 8783K, committed 9344K, reserved 1048576K
}

